\BOOKMARK [-1][-]{part.1}{A\040Research}{}% 1
\BOOKMARK [0][-]{chapter.1}{Technology\040-\040Wider\040Context}{part.1}% 2
\BOOKMARK [0][-]{chapter.2}{Web\040Services\040Technology}{part.1}% 3
\BOOKMARK [0][-]{chapter.3}{REST\040as\040an\040alternative\040to\040Web\040Services}{part.1}% 4
\BOOKMARK [0][-]{chapter.4}{Examples\040of\040Web\040Services}{part.1}% 5
\BOOKMARK [-1][-]{part.2}{B\040Project\040Report}{}% 6
\BOOKMARK [0][-]{chapter.5}{Project\040Proposal}{part.2}% 7
\BOOKMARK [1][-]{section.5.1}{Project\040Name}{chapter.5}% 8
\BOOKMARK [1][-]{section.5.2}{Overview\040of\040the\040Project}{chapter.5}% 9
\BOOKMARK [1][-]{section.5.3}{External\040Web\040Services}{chapter.5}% 10
\BOOKMARK [1][-]{section.5.4}{Data\040Exposed\040By\040The\040Service}{chapter.5}% 11
\BOOKMARK [1][-]{section.5.5}{Database\040Schema}{chapter.5}% 12
\BOOKMARK [1][-]{section.5.6}{User\040Interface\040Ideas}{chapter.5}% 13
\BOOKMARK [0][-]{chapter.6}{Engineering\040Approach}{part.2}% 14
\BOOKMARK [0][-]{chapter.7}{Project\040Management}{part.2}% 15
\BOOKMARK [0][-]{chapter.8}{Development}{part.2}% 16
\BOOKMARK [1][-]{section.8.1}{Requirements}{chapter.8}% 17
\BOOKMARK [1][-]{section.8.2}{Design}{chapter.8}% 18
\BOOKMARK [1][-]{section.8.3}{Implementation}{chapter.8}% 19
\BOOKMARK [1][-]{section.8.4}{Testing}{chapter.8}% 20
